<?xml version="1.0" encoding="UTF-8"?>
<!-- Generated by org.testng.reporters.JUnitReportReporter -->
<testsuite hostname="DESKTOP-AUP80CB" failures="0" tests="1" name="com.inetBanking.testCases.TC_NewCustomer_003" time="21.063" errors="0" timestamp="2020-09-05T19:22:26 PDT" skipped="0">
  <testcase classname="com.inetBanking.testCases.TC_NewCustomer_003" name="NewCustomerEntry" time="21.063"/>
  <system-out/>
</testsuite> <!-- com.inetBanking.testCases.TC_NewCustomer_003 -->
