<?xml version="1.0" encoding="UTF-8"?>
<!-- Generated by org.testng.reporters.JUnitReportReporter -->
<testsuite hostname="DESKTOP-AUP80CB" failures="0" tests="1" name="com.inetBanking.testCases.TC_LoginTest_001" time="3.940" errors="0" timestamp="2020-09-05T20:52:47 PDT" skipped="0">
  <testcase classname="com.inetBanking.testCases.TC_LoginTest_001" name="loginTest" time="3.940"/>
  <system-out/>
</testsuite> <!-- com.inetBanking.testCases.TC_LoginTest_001 -->
